<?xml version="1.0" encoding="UTF-8"?>
<testsuite name="hexlet.code.AppTest" tests="8" skipped="0" failures="0" errors="0" timestamp="2023-07-06T12:33:33" hostname="DESKTOP-3Q5GBII" time="5.605">
  <properties/>
  <testcase name="testCheckUrl()" classname="hexlet.code.AppTest" time="5.219"/>
  <testcase name="testUrl()" classname="hexlet.code.AppTest" time="0.06"/>
  <testcase name="testRoot()" classname="hexlet.code.AppTest" time="0.05"/>
  <testcase name="testUrls()" classname="hexlet.code.AppTest" time="0.085"/>
  <testcase name="testExistingUrlAddition()" classname="hexlet.code.AppTest" time="0.05"/>
  <testcase name="testIncorrectUrlAdd()" classname="hexlet.code.AppTest" time="0.046"/>
  <testcase name="testCorrUrlAdd()" classname="hexlet.code.AppTest" time="0.05"/>
  <testcase name="testShowUrl()" classname="hexlet.code.AppTest" time="0.041"/>
  <system-out><![CDATA[Url@0(id:3, name:http://na1r.services.adobe.com:50373, createdAt:2023-07-06T12:33:36.548Z)
]]></system-out>
  <system-err><![CDATA[[Test worker] INFO io.javalin.Javalin - JAVALIN HANDLER REGISTRATION DEBUG LOG: GET[/]
[Test worker] INFO io.javalin.Javalin - JAVALIN HANDLER REGISTRATION DEBUG LOG: GET[/urls]
[Test worker] INFO io.javalin.Javalin - JAVALIN HANDLER REGISTRATION DEBUG LOG: POST[/urls]
[Test worker] INFO io.javalin.Javalin - JAVALIN HANDLER REGISTRATION DEBUG LOG: GET[/urls/{id}]
[Test worker] INFO io.javalin.Javalin - JAVALIN HANDLER REGISTRATION DEBUG LOG: POST[/urls/{id}/checks]
[Test worker] INFO io.javalin.Javalin - JAVALIN HANDLER REGISTRATION DEBUG LOG: BEFORE[*]
[Test worker] INFO io.javalin.Javalin - Starting Javalin ...
[Test worker] INFO org.eclipse.jetty.server.Server - jetty-11.0.15; built: 2023-04-11T18:37:53.775Z; git: 5bc5e562c8d05c5862505aebe5cf83a61bdbcb96; jvm 17.0.4.1+9-LTS
[Test worker] INFO org.eclipse.jetty.server.session.DefaultSessionIdManager - Session workerName=node0
[Test worker] INFO org.eclipse.jetty.server.handler.ContextHandler - Started i.j.j.@99223ac{/,null,AVAILABLE}
[Test worker] INFO org.eclipse.jetty.server.AbstractConnector - Started ServerConnector@6a278584{HTTP/1.1, (http/1.1)}{0.0.0.0:50369}
[Test worker] INFO org.eclipse.jetty.server.Server - Started Server@30a01dd8{STARTING}[11.0.15,sto=0] @3948ms
[Test worker] INFO io.javalin.Javalin - 
       __                  ___          ______
      / /___ __   ______ _/ (_)___     / ____/
 __  / / __ `/ | / / __ `/ / / __ \   /___ \
/ /_/ / /_/ /| |/ / /_/ / / / / / /  ____/ /
\____/\__,_/ |___/\__,_/_/_/_/ /_/  /_____/

       https://javalin.io/documentation

[Test worker] INFO io.javalin.Javalin - Static file handler added: StaticFileConfig(hostedPath=/, directory=META-INF/resources/webjars, location=CLASSPATH, precompress=false, aliasCheck=null, headers={Cache-Control=max-age=31622400}, skipFileFunction=Function1<jakarta.servlet.http.HttpServletRequest, java.lang.Boolean>, mimeTypes=io.javalin.http.staticfiles.MimeTypesConfig@62f37bfd). File system location: 'jar:file:/C:/Users/The%20Atr/.gradle/caches/modules-2/files-2.1/org.webjars/bootstrap/5.2.3/4abbab7b738ab59b25ae6081b9b30bb7779741fd/bootstrap-5.2.3.jar!/META-INF/resources/webjars'
[Test worker] INFO io.javalin.Javalin - Listening on http://localhost:50369/
[Test worker] INFO io.javalin.Javalin - You are running Javalin 5.5.0 (released May 1, 2023).
[Test worker] INFO io.javalin.Javalin - Javalin started in 519ms \o/
[Test worker] INFO io.ebean - ebean version: 13.15.0
[Test worker] INFO io.avaje.config - Loaded properties from [resource:application.yaml, resource:application-test.yaml] 
[ForkJoinPool.commonPool-worker-2] INFO io.ebean.test - Using jdbc settings - username:sa url:jdbc:h2:mem:test driver:org.h2.Driver
[Test worker] INFO io.ebean.test - For testing purposes a current user provider has been configured. Use io.ebean.test.UserContext to set current user in tests.
[Test worker] INFO io.ebean.datasource - DataSource [development] autoCommit[false] transIsolation[READ_COMMITTED] min[2] max[200] in[696ms]
[Test worker] INFO io.ebean.DDL - Executing development-drop-all.sql - 4 statements, autoCommit:true
[Test worker] INFO io.ebean.DDL - Executing development-create-all.sql - 4 statements, autoCommit:false
[Test worker] INFO io.ebean.DDL - Executing seed.sql - 1 statements, autoCommit:false
[Test worker] INFO io.ebean.core - Started database[development] platform[H2] in 1 825ms
[JettyServerThreadPool-55] INFO io.javalin.Javalin - JAVALIN REQUEST DEBUG LOG:
Request: POST [/urls]
    Matching endpoint-handlers: [BEFORE=*, POST=/urls]
    Headers: {User-Agent=unirest-java/3.1.00, Connection=keep-alive, Host=localhost:50369, Accept-Encoding=gzip, Content-Length=51, Content-Type=application/x-www-form-urlencoded; charset=UTF-8}
    Cookies: {}
    Body: url=http%3A%2F%2Fna1r.services.adobe.com%3A50373%2F
    QueryString: null
    QueryParams: {}
    FormParams: {url=[http://na1r.services.adobe.com:50373/]}
Response: [302 Found], execution took 189.81 ms
    Headers: {Set-Cookie=JSESSIONID=node0hztfxttufjh11xsbwyu9eq89n0.node0; Path=/; HttpOnly; SameSite=Lax, Expires=Thu, 01 Jan 1970 00:00:00 GMT, Date=Thu, 06 Jul 2023 12:33:36 GMT, Content-Type=text/plain, Location=/urls}
    Body is 10 bytes (starts on next line):
    Redirected
----------------------------------------------------------------------------------
[JettyServerThreadPool-31] INFO io.javalin.Javalin - JAVALIN REQUEST DEBUG LOG:
Request: POST [/urls/3/checks]
    Matching endpoint-handlers: [BEFORE=*, POST=/urls/{id}/checks]
    Headers: {Cookie=JSESSIONID=node0hztfxttufjh11xsbwyu9eq89n0.node0, User-Agent=unirest-java/3.1.00, Connection=keep-alive, Host=localhost:50369, Accept-Encoding=gzip, Content-Length=0}
    Cookies: {JSESSIONID=node0hztfxttufjh11xsbwyu9eq89n0.node0}
    Body: 
    QueryString: null
    QueryParams: {}
    FormParams: {}
Response: [302 Found], execution took 220.23 ms
    Headers: {Date=Thu, 06 Jul 2023 12:33:36 GMT, Content-Type=text/plain, Location=/urls/3}
    Body is 10 bytes (starts on next line):
    Redirected
----------------------------------------------------------------------------------
[JettyServerThreadPool-55] INFO io.javalin.Javalin - JAVALIN REQUEST DEBUG LOG:
Request: GET [/urls/3]
    Matching endpoint-handlers: [BEFORE=*, GET=/urls/{id}]
    Headers: {Cookie=JSESSIONID=node0hztfxttufjh11xsbwyu9eq89n0.node0, User-Agent=unirest-java/3.1.00, Connection=keep-alive, Host=localhost:50369, Accept-Encoding=gzip}
    Cookies: {JSESSIONID=node0hztfxttufjh11xsbwyu9eq89n0.node0}
    Body: 
    QueryString: null
    QueryParams: {}
    FormParams: {}
Response: [200 OK], execution took 1808.99 ms
    Headers: {Content-Encoding=gzip, Date=Thu, 06 Jul 2023 12:33:37 GMT, Content-Type=text/html}
    Body is gzipped (3280 bytes, not logged)
----------------------------------------------------------------------------------
[JettyServerThreadPool-57] INFO io.javalin.Javalin - JAVALIN REQUEST DEBUG LOG:
Request: GET [/urls/1]
    Matching endpoint-handlers: [BEFORE=*, GET=/urls/{id}]
    Headers: {Cookie=JSESSIONID=node0hztfxttufjh11xsbwyu9eq89n0.node0, User-Agent=unirest-java/3.1.00, Connection=keep-alive, Host=localhost:50369, Accept-Encoding=gzip}
    Cookies: {JSESSIONID=node0hztfxttufjh11xsbwyu9eq89n0.node0}
    Body: 
    QueryString: null
    QueryParams: {}
    FormParams: {}
Response: [200 OK], execution took 45.18 ms
    Headers: {Content-Encoding=gzip, Date=Thu, 06 Jul 2023 12:33:38 GMT, Content-Type=text/html}
    Body is gzipped (2686 bytes, not logged)
----------------------------------------------------------------------------------
[JettyServerThreadPool-55] INFO io.javalin.Javalin - JAVALIN REQUEST DEBUG LOG:
Request: GET [/]
    Matching endpoint-handlers: [BEFORE=*, GET=/]
    Headers: {Cookie=JSESSIONID=node0hztfxttufjh11xsbwyu9eq89n0.node0, User-Agent=unirest-java/3.1.00, Connection=keep-alive, Host=localhost:50369, Accept-Encoding=gzip}
    Cookies: {JSESSIONID=node0hztfxttufjh11xsbwyu9eq89n0.node0}
    Body: 
    QueryString: null
    QueryParams: {}
    FormParams: {}
Response: [200 OK], execution took 40.77 ms
    Headers: {Content-Encoding=gzip, Date=Thu, 06 Jul 2023 12:33:39 GMT, Content-Type=text/html}
    Body is gzipped (3145 bytes, not logged)
----------------------------------------------------------------------------------
[JettyServerThreadPool-57] INFO io.javalin.Javalin - JAVALIN REQUEST DEBUG LOG:
Request: GET [/urls]
    Matching endpoint-handlers: [BEFORE=*, GET=/urls]
    Headers: {Cookie=JSESSIONID=node0hztfxttufjh11xsbwyu9eq89n0.node0, User-Agent=unirest-java/3.1.00, Connection=keep-alive, Host=localhost:50369, Accept-Encoding=gzip}
    Cookies: {JSESSIONID=node0hztfxttufjh11xsbwyu9eq89n0.node0}
    Body: 
    QueryString: null
    QueryParams: {}
    FormParams: {}
Response: [200 OK], execution took 75.85 ms
    Headers: {Content-Encoding=gzip, Date=Thu, 06 Jul 2023 12:33:39 GMT, Content-Type=text/html}
    Body is gzipped (3405 bytes, not logged)
----------------------------------------------------------------------------------
[JettyServerThreadPool-55] INFO io.javalin.Javalin - JAVALIN REQUEST DEBUG LOG:
Request: POST [/urls]
    Matching endpoint-handlers: [BEFORE=*, POST=/urls]
    Headers: {Cookie=JSESSIONID=node0hztfxttufjh11xsbwyu9eq89n0.node0, User-Agent=unirest-java/3.1.00, Connection=keep-alive, Host=localhost:50369, Accept-Encoding=gzip, Content-Length=29, Content-Type=application/x-www-form-urlencoded; charset=UTF-8}
    Cookies: {JSESSIONID=node0hztfxttufjh11xsbwyu9eq89n0.node0}
    Body: url=https%3A%2F%2Ftwitter.com
    QueryString: null
    QueryParams: {}
    FormParams: {url=[https://twitter.com]}
Response: [302 Found], execution took 2.03 ms
    Headers: {Date=Thu, 06 Jul 2023 12:33:39 GMT, Content-Type=text/plain, Location=/urls}
    Body is 10 bytes (starts on next line):
    Redirected
----------------------------------------------------------------------------------
[JettyServerThreadPool-57] INFO io.javalin.Javalin - JAVALIN REQUEST DEBUG LOG:
Request: GET [/urls]
    Matching endpoint-handlers: [BEFORE=*, GET=/urls]
    Headers: {Cookie=JSESSIONID=node0hztfxttufjh11xsbwyu9eq89n0.node0, User-Agent=unirest-java/3.1.00, Connection=keep-alive, Host=localhost:50369, Accept-Encoding=gzip}
    Cookies: {JSESSIONID=node0hztfxttufjh11xsbwyu9eq89n0.node0}
    Body: 
    QueryString: null
    QueryParams: {}
    FormParams: {}
Response: [200 OK], execution took 32.17 ms
    Headers: {Content-Encoding=gzip, Date=Thu, 06 Jul 2023 12:33:39 GMT, Content-Type=text/html}
    Body is gzipped (3691 bytes, not logged)
----------------------------------------------------------------------------------
[JettyServerThreadPool-55] INFO io.javalin.Javalin - JAVALIN REQUEST DEBUG LOG:
Request: POST [/urls]
    Matching endpoint-handlers: [BEFORE=*, POST=/urls]
    Headers: {Cookie=JSESSIONID=node0hztfxttufjh11xsbwyu9eq89n0.node0, User-Agent=unirest-java/3.1.00, Connection=keep-alive, Host=localhost:50369, Accept-Encoding=gzip, Content-Length=12, Content-Type=application/x-www-form-urlencoded; charset=UTF-8}
    Cookies: {JSESSIONID=node0hztfxttufjh11xsbwyu9eq89n0.node0}
    Body: url=moon.com
    QueryString: null
    QueryParams: {}
    FormParams: {url=[moon.com]}
Response: [302 Found], execution took 0.55 ms
    Headers: {Date=Thu, 06 Jul 2023 12:33:39 GMT, Content-Type=text/plain, Location=/}
    Body is 10 bytes (starts on next line):
    Redirected
----------------------------------------------------------------------------------
[JettyServerThreadPool-32] INFO io.javalin.Javalin - JAVALIN REQUEST DEBUG LOG:
Request: GET [/]
    Matching endpoint-handlers: [BEFORE=*, GET=/]
    Headers: {Cookie=JSESSIONID=node0hztfxttufjh11xsbwyu9eq89n0.node0, User-Agent=unirest-java/3.1.00, Connection=keep-alive, Host=localhost:50369, Accept-Encoding=gzip}
    Cookies: {JSESSIONID=node0hztfxttufjh11xsbwyu9eq89n0.node0}
    Body: 
    QueryString: null
    QueryParams: {}
    FormParams: {}
Response: [200 OK], execution took 29.32 ms
    Headers: {Content-Encoding=gzip, Date=Thu, 06 Jul 2023 12:33:39 GMT, Content-Type=text/html}
    Body is gzipped (3444 bytes, not logged)
----------------------------------------------------------------------------------
[JettyServerThreadPool-57] INFO io.javalin.Javalin - JAVALIN REQUEST DEBUG LOG:
Request: POST [/urls]
    Matching endpoint-handlers: [BEFORE=*, POST=/urls]
    Headers: {Cookie=JSESSIONID=node0hztfxttufjh11xsbwyu9eq89n0.node0, User-Agent=unirest-java/3.1.00, Connection=keep-alive, Host=localhost:50369, Accept-Encoding=gzip, Content-Length=33, Content-Type=application/x-www-form-urlencoded; charset=UTF-8}
    Cookies: {JSESSIONID=node0hztfxttufjh11xsbwyu9eq89n0.node0}
    Body: url=https%3A%2F%2Fwww.example.com
    QueryString: null
    QueryParams: {}
    FormParams: {url=[https://www.example.com]}
Response: [302 Found], execution took 2.25 ms
    Headers: {Date=Thu, 06 Jul 2023 12:33:39 GMT, Content-Type=text/plain, Location=/urls}
    Body is 10 bytes (starts on next line):
    Redirected
----------------------------------------------------------------------------------
[JettyServerThreadPool-33] INFO io.javalin.Javalin - JAVALIN REQUEST DEBUG LOG:
Request: GET [/urls]
    Matching endpoint-handlers: [BEFORE=*, GET=/urls]
    Headers: {Cookie=JSESSIONID=node0hztfxttufjh11xsbwyu9eq89n0.node0, User-Agent=unirest-java/3.1.00, Connection=keep-alive, Host=localhost:50369, Accept-Encoding=gzip}
    Cookies: {JSESSIONID=node0hztfxttufjh11xsbwyu9eq89n0.node0}
    Body: 
    QueryString: null
    QueryParams: {}
    FormParams: {}
Response: [200 OK], execution took 32.43 ms
    Headers: {Content-Encoding=gzip, Date=Thu, 06 Jul 2023 12:33:39 GMT, Content-Type=text/html}
    Body is gzipped (3906 bytes, not logged)
----------------------------------------------------------------------------------
[JettyServerThreadPool-30] INFO io.javalin.Javalin - JAVALIN REQUEST DEBUG LOG:
Request: GET [/urls/2]
    Matching endpoint-handlers: [BEFORE=*, GET=/urls/{id}]
    Headers: {Cookie=JSESSIONID=node0hztfxttufjh11xsbwyu9eq89n0.node0, User-Agent=unirest-java/3.1.00, Connection=keep-alive, Host=localhost:50369, Accept-Encoding=gzip}
    Cookies: {JSESSIONID=node0hztfxttufjh11xsbwyu9eq89n0.node0}
    Body: 
    QueryString: null
    QueryParams: {}
    FormParams: {}
Response: [200 OK], execution took 31.68 ms
    Headers: {Content-Encoding=gzip, Date=Thu, 06 Jul 2023 12:33:39 GMT, Content-Type=text/html}
    Body is gzipped (2683 bytes, not logged)
----------------------------------------------------------------------------------
[Test worker] INFO io.javalin.Javalin - Stopping Javalin ...
[Test worker] INFO org.eclipse.jetty.server.Server - Stopped Server@30a01dd8{STOPPING}[11.0.15,sto=0]
[Test worker] INFO org.eclipse.jetty.server.AbstractConnector - Stopped ServerConnector@6a278584{HTTP/1.1, (http/1.1)}{0.0.0.0:0}
[Test worker] INFO org.eclipse.jetty.server.handler.ContextHandler - Stopped i.j.j.@99223ac{/,null,STOPPED}
[Test worker] INFO io.javalin.Javalin - Javalin has stopped
]]></system-err>
</testsuite>
