<?xml version="1.0" encoding="UTF-8"?>
<testsuite name="hexlet.code.AppTest" tests="7" skipped="0" failures="0" errors="0" timestamp="2023-07-06T10:22:20" hostname="DESKTOP-3Q5GBII" time="5.216">
  <properties/>
  <testcase name="testUrl()" classname="hexlet.code.AppTest" time="4.85"/>
  <testcase name="testInit()" classname="hexlet.code.AppTest" time="0.002"/>
  <testcase name="testRoot()" classname="hexlet.code.AppTest" time="0.067"/>
  <testcase name="testUrls()" classname="hexlet.code.AppTest" time="0.1"/>
  <testcase name="testExistingUrlAddition()" classname="hexlet.code.AppTest" time="0.098"/>
  <testcase name="testIncorrectUrlAddition()" classname="hexlet.code.AppTest" time="0.054"/>
  <testcase name="testShowUrl()" classname="hexlet.code.AppTest" time="0.04"/>
  <system-out><![CDATA[]]></system-out>
  <system-err><![CDATA[[Test worker] INFO io.javalin.Javalin - JAVALIN HANDLER REGISTRATION DEBUG LOG: GET[/]
[Test worker] INFO io.javalin.Javalin - JAVALIN HANDLER REGISTRATION DEBUG LOG: GET[/urls]
[Test worker] INFO io.javalin.Javalin - JAVALIN HANDLER REGISTRATION DEBUG LOG: POST[/urls]
[Test worker] INFO io.javalin.Javalin - JAVALIN HANDLER REGISTRATION DEBUG LOG: GET[/urls/{id}]
[Test worker] INFO io.javalin.Javalin - JAVALIN HANDLER REGISTRATION DEBUG LOG: POST[/urls/{id}/checks]
[Test worker] INFO io.javalin.Javalin - JAVALIN HANDLER REGISTRATION DEBUG LOG: BEFORE[*]
[Test worker] INFO io.javalin.Javalin - Starting Javalin ...
[Test worker] INFO org.eclipse.jetty.server.Server - jetty-11.0.15; built: 2023-04-11T18:37:53.775Z; git: 5bc5e562c8d05c5862505aebe5cf83a61bdbcb96; jvm 17.0.4.1+9-LTS
[Test worker] INFO org.eclipse.jetty.server.session.DefaultSessionIdManager - Session workerName=node0
[Test worker] INFO org.eclipse.jetty.server.handler.ContextHandler - Started i.j.j.@215a0264{/,null,AVAILABLE}
[Test worker] INFO org.eclipse.jetty.server.AbstractConnector - Started ServerConnector@4fea5ee0{HTTP/1.1, (http/1.1)}{0.0.0.0:65129}
[Test worker] INFO org.eclipse.jetty.server.Server - Started Server@1f1fbc9f{STARTING}[11.0.15,sto=0] @4118ms
[Test worker] INFO io.javalin.Javalin - 
       __                  ___          ______
      / /___ __   ______ _/ (_)___     / ____/
 __  / / __ `/ | / / __ `/ / / __ \   /___ \
/ /_/ / /_/ /| |/ / /_/ / / / / / /  ____/ /
\____/\__,_/ |___/\__,_/_/_/_/ /_/  /_____/

       https://javalin.io/documentation

[Test worker] INFO io.javalin.Javalin - Static file handler added: StaticFileConfig(hostedPath=/, directory=META-INF/resources/webjars, location=CLASSPATH, precompress=false, aliasCheck=null, headers={Cache-Control=max-age=31622400}, skipFileFunction=Function1<jakarta.servlet.http.HttpServletRequest, java.lang.Boolean>, mimeTypes=io.javalin.http.staticfiles.MimeTypesConfig@1174676f). File system location: 'jar:file:/C:/Users/The%20Atr/.gradle/caches/modules-2/files-2.1/org.webjars/bootstrap/5.2.3/4abbab7b738ab59b25ae6081b9b30bb7779741fd/bootstrap-5.2.3.jar!/META-INF/resources/webjars'
[Test worker] INFO io.javalin.Javalin - Listening on http://localhost:65129/
[Test worker] INFO io.javalin.Javalin - You are running Javalin 5.5.0 (released May 1, 2023).
[Test worker] INFO io.javalin.Javalin - Javalin started in 648ms \o/
[Test worker] INFO io.ebean - ebean version: 13.15.0
[Test worker] INFO io.avaje.config - Loaded properties from [resource:application.yaml, resource:application-test.yaml] 
[ForkJoinPool.commonPool-worker-2] INFO io.ebean.test - Using jdbc settings - username:sa url:jdbc:h2:mem:test driver:org.h2.Driver
[Test worker] INFO io.ebean.test - For testing purposes a current user provider has been configured. Use io.ebean.test.UserContext to set current user in tests.
[Test worker] INFO io.ebean.datasource - DataSource [development] autoCommit[false] transIsolation[READ_COMMITTED] min[2] max[200] in[711ms]
[Test worker] INFO io.ebean.DDL - Executing development-drop-all.sql - 4 statements, autoCommit:true
[Test worker] INFO io.ebean.DDL - Executing development-create-all.sql - 4 statements, autoCommit:false
[Test worker] INFO io.ebean.DDL - Executing seed.sql - 1 statements, autoCommit:false
[Test worker] INFO io.ebean.core - Started database[development] platform[H2] in 2 027ms
[JettyServerThreadPool-54] INFO io.javalin.Javalin - JAVALIN REQUEST DEBUG LOG:
Request: GET [/urls/1]
    Matching endpoint-handlers: [BEFORE=*, GET=/urls/{id}]
    Headers: {User-Agent=unirest-java/3.1.00, Connection=keep-alive, Host=localhost:65129, Accept-Encoding=gzip}
    Cookies: {}
    Body: 
    QueryString: null
    QueryParams: {}
    FormParams: {}
Response: [200 OK], execution took 1918.64 ms
    Headers: {Content-Encoding=gzip, Date=Thu, 06 Jul 2023 10:22:23 GMT, Content-Type=text/html}
    Body is gzipped (2754 bytes, not logged)
----------------------------------------------------------------------------------
[JettyServerThreadPool-30] INFO io.javalin.Javalin - JAVALIN REQUEST DEBUG LOG:
Request: GET [/]
    Matching endpoint-handlers: [BEFORE=*, GET=/]
    Headers: {User-Agent=unirest-java/3.1.00, Connection=keep-alive, Host=localhost:65129, Accept-Encoding=gzip}
    Cookies: {}
    Body: 
    QueryString: null
    QueryParams: {}
    FormParams: {}
Response: [200 OK], execution took 55.66 ms
    Headers: {Content-Encoding=gzip, Date=Thu, 06 Jul 2023 10:22:25 GMT, Content-Type=text/html}
    Body is gzipped (3213 bytes, not logged)
----------------------------------------------------------------------------------
[JettyServerThreadPool-52] INFO io.javalin.Javalin - JAVALIN REQUEST DEBUG LOG:
Request: GET [/urls]
    Matching endpoint-handlers: [BEFORE=*, GET=/urls]
    Headers: {User-Agent=unirest-java/3.1.00, Connection=keep-alive, Host=localhost:65129, Accept-Encoding=gzip}
    Cookies: {}
    Body: 
    QueryString: null
    QueryParams: {}
    FormParams: {}
Response: [200 OK], execution took 90.51 ms
    Headers: {Content-Encoding=gzip, Date=Thu, 06 Jul 2023 10:22:25 GMT, Content-Type=text/html}
    Body is gzipped (3226 bytes, not logged)
----------------------------------------------------------------------------------
[JettyServerThreadPool-54] INFO io.javalin.Javalin - JAVALIN REQUEST DEBUG LOG:
Request: POST [/urls]
    Matching endpoint-handlers: [BEFORE=*, POST=/urls]
    Headers: {User-Agent=unirest-java/3.1.00, Connection=keep-alive, Host=localhost:65129, Accept-Encoding=gzip, Content-Length=29, Content-Type=application/x-www-form-urlencoded; charset=UTF-8}
    Cookies: {}
    Body: url=https%3A%2F%2Ftwitter.com
    QueryString: null
    QueryParams: {}
    FormParams: {url=[https://twitter.com]}
Response: [302 Found], execution took 18.36 ms
    Headers: {Set-Cookie=JSESSIONID=node0canm43qa8jalm0hbovl6fkp0.node0; Path=/; HttpOnly; SameSite=Lax, Expires=Thu, 01 Jan 1970 00:00:00 GMT, Date=Thu, 06 Jul 2023 10:22:25 GMT, Content-Type=text/plain, Location=/urls}
    Body is 10 bytes (starts on next line):
    Redirected
----------------------------------------------------------------------------------
[JettyServerThreadPool-52] INFO io.javalin.Javalin - JAVALIN REQUEST DEBUG LOG:
Request: GET [/urls]
    Matching endpoint-handlers: [BEFORE=*, GET=/urls]
    Headers: {Cookie=JSESSIONID=node0canm43qa8jalm0hbovl6fkp0.node0, User-Agent=unirest-java/3.1.00, Connection=keep-alive, Host=localhost:65129, Accept-Encoding=gzip}
    Cookies: {JSESSIONID=node0canm43qa8jalm0hbovl6fkp0.node0}
    Body: 
    QueryString: null
    QueryParams: {}
    FormParams: {}
Response: [200 OK], execution took 38.48 ms
    Headers: {Content-Encoding=gzip, Date=Thu, 06 Jul 2023 10:22:25 GMT, Content-Type=text/html}
    Body is gzipped (3512 bytes, not logged)
----------------------------------------------------------------------------------
[JettyServerThreadPool-54] INFO io.javalin.Javalin - JAVALIN REQUEST DEBUG LOG:
Request: POST [/urls]
    Matching endpoint-handlers: [BEFORE=*, POST=/urls]
    Headers: {Cookie=JSESSIONID=node0canm43qa8jalm0hbovl6fkp0.node0, User-Agent=unirest-java/3.1.00, Connection=keep-alive, Host=localhost:65129, Accept-Encoding=gzip, Content-Length=12, Content-Type=application/x-www-form-urlencoded; charset=UTF-8}
    Cookies: {JSESSIONID=node0canm43qa8jalm0hbovl6fkp0.node0}
    Body: url=moon.com
    QueryString: null
    QueryParams: {}
    FormParams: {url=[moon.com]}
Response: [302 Found], execution took 0.68 ms
    Headers: {Date=Thu, 06 Jul 2023 10:22:25 GMT, Content-Type=text/plain, Location=/}
    Body is 10 bytes (starts on next line):
    Redirected
----------------------------------------------------------------------------------
[JettyServerThreadPool-31] INFO io.javalin.Javalin - JAVALIN REQUEST DEBUG LOG:
Request: GET [/]
    Matching endpoint-handlers: [BEFORE=*, GET=/]
    Headers: {Cookie=JSESSIONID=node0canm43qa8jalm0hbovl6fkp0.node0, User-Agent=unirest-java/3.1.00, Connection=keep-alive, Host=localhost:65129, Accept-Encoding=gzip}
    Cookies: {JSESSIONID=node0canm43qa8jalm0hbovl6fkp0.node0}
    Body: 
    QueryString: null
    QueryParams: {}
    FormParams: {}
Response: [200 OK], execution took 32.06 ms
    Headers: {Content-Encoding=gzip, Date=Thu, 06 Jul 2023 10:22:25 GMT, Content-Type=text/html}
    Body is gzipped (3510 bytes, not logged)
----------------------------------------------------------------------------------
[JettyServerThreadPool-30] INFO io.javalin.Javalin - JAVALIN REQUEST DEBUG LOG:
Request: GET [/urls/2]
    Matching endpoint-handlers: [BEFORE=*, GET=/urls/{id}]
    Headers: {Cookie=JSESSIONID=node0canm43qa8jalm0hbovl6fkp0.node0, User-Agent=unirest-java/3.1.00, Connection=keep-alive, Host=localhost:65129, Accept-Encoding=gzip}
    Cookies: {JSESSIONID=node0canm43qa8jalm0hbovl6fkp0.node0}
    Body: 
    QueryString: null
    QueryParams: {}
    FormParams: {}
Response: [200 OK], execution took 31.03 ms
    Headers: {Content-Encoding=gzip, Date=Thu, 06 Jul 2023 10:22:25 GMT, Content-Type=text/html}
    Body is gzipped (2751 bytes, not logged)
----------------------------------------------------------------------------------
[Test worker] INFO io.javalin.Javalin - Stopping Javalin ...
[Test worker] INFO org.eclipse.jetty.server.Server - Stopped Server@1f1fbc9f{STOPPING}[11.0.15,sto=0]
[Test worker] INFO org.eclipse.jetty.server.AbstractConnector - Stopped ServerConnector@4fea5ee0{HTTP/1.1, (http/1.1)}{0.0.0.0:0}
[Test worker] INFO org.eclipse.jetty.server.handler.ContextHandler - Stopped i.j.j.@215a0264{/,null,STOPPED}
[Test worker] INFO io.javalin.Javalin - Javalin has stopped
]]></system-err>
</testsuite>
